<?xml version="1.0" encoding="UTF-8"?>
<testng-results skipped="0" failed="0" ignored="0" total="1" passed="1">
  <reporter-output>
  </reporter-output>
  <suite name="Default suite" duration-ms="28043" started-at="2020-01-23T17:07:10Z" finished-at="2020-01-23T17:07:39Z">
    <groups>
    </groups>
    <test name="Default test" duration-ms="28043" started-at="2020-01-23T17:07:10Z" finished-at="2020-01-23T17:07:39Z">
      <class name="com.arizona.testcases.TestCause1">
        <test-method status="PASS" signature="getreport()[pri:0, instance:com.arizona.testcases.TestCause1@27a8c74e]" name="getreport" duration-ms="27548" started-at="2020-01-23T17:07:11Z" finished-at="2020-01-23T17:07:38Z">
          <reporter-output>
          </reporter-output>
        </test-method> <!-- getreport -->
        <test-method status="PASS" signature="quit()[pri:0, instance:com.arizona.testcases.TestCause1@27a8c74e]" name="quit" is-config="true" duration-ms="461" started-at="2020-01-23T17:07:38Z" finished-at="2020-01-23T17:07:39Z">
          <reporter-output>
          </reporter-output>
        </test-method> <!-- quit -->
      </class> <!-- com.arizona.testcases.TestCause1 -->
    </test> <!-- Default test -->
  </suite> <!-- Default suite -->
</testng-results>
